0 info it worked if it ends with ok
1 verbose cli [ '/usr/local/bin/node',
1 verbose cli   '/usr/local/bin/npm',
1 verbose cli   'i',
1 verbose cli   'node-webkit',
1 verbose cli   '-g' ]
2 info using npm@1.3.11
3 info using node@v0.10.21
4 verbose cache add [ 'node-webkit', null ]
5 verbose cache add name=undefined spec="node-webkit" args=["node-webkit",null]
6 verbose parsed url { protocol: null,
6 verbose parsed url   slashes: null,
6 verbose parsed url   auth: null,
6 verbose parsed url   host: null,
6 verbose parsed url   port: null,
6 verbose parsed url   hostname: null,
6 verbose parsed url   hash: null,
6 verbose parsed url   search: null,
6 verbose parsed url   query: null,
6 verbose parsed url   pathname: 'node-webkit',
6 verbose parsed url   path: 'node-webkit',
6 verbose parsed url   href: 'node-webkit' }
7 silly lockFile 671c93df-node-webkit node-webkit
8 verbose lock node-webkit /home/rob/.npm/671c93df-node-webkit.lock
9 silly lockFile 671c93df-node-webkit node-webkit
10 silly lockFile 671c93df-node-webkit node-webkit
11 verbose addNamed [ 'node-webkit', '' ]
12 verbose addNamed [ null, '*' ]
13 silly lockFile 0a8a37b3-node-webkit node-webkit@
14 verbose lock node-webkit@ /home/rob/.npm/0a8a37b3-node-webkit.lock
15 silly addNameRange { name: 'node-webkit', range: '*', hasData: false }
16 verbose url raw node-webkit
17 verbose url resolving [ 'https://registry.npmjs.org/', './node-webkit' ]
18 verbose url resolved https://registry.npmjs.org/node-webkit
19 info trying registry request attempt 1 at 14:04:50
20 http GET https://registry.npmjs.org/node-webkit
21 http 404 https://registry.npmjs.org/node-webkit
22 silly registry.get cb [ 404,
22 silly registry.get   { server: 'CouchDB/1.5.0 (Erlang OTP/R15B03)',
22 silly registry.get     date: 'Sat, 23 Nov 2013 13:05:01 GMT',
22 silly registry.get     'content-type': 'application/json',
22 silly registry.get     'content-length': '52',
22 silly registry.get     'cache-control': 'must-revalidate' } ]
23 silly lockFile 0a8a37b3-node-webkit node-webkit@
24 silly lockFile 0a8a37b3-node-webkit node-webkit@
25 error 404 'node-webkit' is not in the npm registry.
25 error 404 You should bug the author to publish it
25 error 404
25 error 404 Maybe try 'npm search webkit'
25 error 404
25 error 404 Note that you can also install from a
25 error 404 tarball, folder, or http url, or git url.
26 error System Linux 3.2.0-54-lowlatency
27 error command "/usr/local/bin/node" "/usr/local/bin/npm" "i" "node-webkit" "-g"
28 error cwd /home/rob/git/grunt-reload-chrome
29 error node -v v0.10.21
30 error npm -v 1.3.11
31 error code E404
32 verbose exit [ 1, true ]
